<?xml version="1.0" encoding="UTF-8"?>
<!-- Generated by org.testng.reporters.JUnitReportReporter -->
<testsuite hostname="Ajay_A" failures="0" tests="1" name="phase1Modules.TC_LoginTest" time="12.974" errors="0" timestamp="2025-09-22T15:56:52 IST" skipped="0">
  <testcase classname="phase1Modules.TC_LoginTest" name="verifyValidLogin" time="12.974">
    <system-out>
      <![CDATA[Sucessfully landed on Sign In page
Sucessfully landed on Role-Selection page
Login successful and Home Page loaded correctly]]>
    </system-out>
  </testcase> <!-- verifyValidLogin -->
  <system-out>
    <![CDATA[Successfully Launched Chrome Browser
Browser window is maximized successfully
Sucessfully landed on Sign In page
Sucessfully landed on Role-Selection page
Login successful and Home Page loaded correctly]]>
  </system-out>
</testsuite> <!-- phase1Modules.TC_LoginTest -->
