<?xml version="1.0" encoding="UTF-8"?>
<!-- Generated by org.testng.reporters.JUnitReportReporter -->
<testsuite hostname="Ajay_A" failures="0" tests="1" name="phase1Modules.TC_DocumentAndTemplateTest" time="20.305" errors="0" timestamp="2025-04-23T12:42:21 IST" skipped="0">
  <testcase classname="phase1Modules.TC_DocumentAndTemplateTest" name="createDocumentAndAttachToTemplate" time="20.305">
    <system-out>
      <![CDATA[Login Successful
Navigated to Home page

Navigated to Document Classes page
Navigated to Create Document Class page
Validated the mandatory name field
Created new Document Class
Validated the Mandatory messages for the Fields: 'Name','Upload File' and 'Product' 
Successfully validated template creation and linking to document class]]>
    </system-out>
  </testcase> <!-- createDocumentAndAttachToTemplate -->
  <system-out>
    <![CDATA[Successfully Launched Chrome Browser
Browser window is maximized successfully
Login Successful
Navigated to Home page

Navigated to Document Classes page
Navigated to Create Document Class page
Validated the mandatory name field
Created new Document Class
Validated the Mandatory messages for the Fields: 'Name','Upload File' and 'Product' 
Successfully validated template creation and linking to document class]]>
  </system-out>
</testsuite> <!-- phase1Modules.TC_DocumentAndTemplateTest -->
